<?xml version="1.0" encoding="UTF-8"?>
<testng-results ignored="0" total="4" passed="3" failed="1" skipped="0">
  <reporter-output>
  </reporter-output>
  <suite started-at="2024-08-12T21:48:16 IST" name="Test Suite" finished-at="2024-08-12T21:49:03 IST" duration-ms="47606">
    <groups>
    </groups>
    <test started-at="2024-08-12T21:48:16 IST" name="Workflow Test" finished-at="2024-08-12T21:49:03 IST" duration-ms="47606">
      <class name="tests.CartFailureTest">
        <test-method is-config="true" signature="openBroswer()[pri:0, instance:tests.CartFailureTest@54c5a2ff]" started-at="2024-08-12T21:48:50 IST" name="openBroswer" finished-at="2024-08-12T21:48:52 IST" duration-ms="1537" status="PASS">
          <reporter-output>
          </reporter-output>
        </test-method> <!-- openBroswer -->
        <test-method signature="testCartIconAfterRemovingProduct()[pri:0, instance:tests.CartFailureTest@54c5a2ff]" started-at="2024-08-12T21:48:52 IST" name="testCartIconAfterRemovingProduct" finished-at="2024-08-12T21:49:03 IST" duration-ms="11004" status="FAIL">
          <exception class="java.lang.AssertionError">
            <message>
              <![CDATA[Cart icon should display 0 after removing the product expected [0] but found [1]]]>
            </message>
            <full-stacktrace>
              <![CDATA[java.lang.AssertionError: Cart icon should display 0 after removing the product expected [0] but found [1]
at org.testng.Assert.fail(Assert.java:99)
at org.testng.Assert.failNotEquals(Assert.java:1037)
at org.testng.Assert.assertEqualsImpl(Assert.java:140)
at org.testng.Assert.assertEquals(Assert.java:122)
at org.testng.Assert.assertEquals(Assert.java:629)
at tests.CartFailureTest.testCartIconAfterRemovingProduct(CartFailureTest.java:61)
at java.base/jdk.internal.reflect.DirectMethodHandleAccessor.invoke(DirectMethodHandleAccessor.java:103)
at java.base/java.lang.reflect.Method.invoke(Method.java:580)
at org.testng.internal.MethodInvocationHelper.invokeMethod(MethodInvocationHelper.java:133)
at org.testng.internal.TestInvoker.invokeMethod(TestInvoker.java:598)
at org.testng.internal.TestInvoker.invokeTestMethod(TestInvoker.java:173)
at org.testng.internal.MethodRunner.runInSequence(MethodRunner.java:46)
at org.testng.internal.TestInvoker$MethodInvocationAgent.invoke(TestInvoker.java:824)
at org.testng.internal.TestInvoker.invokeTestMethods(TestInvoker.java:146)
at org.testng.internal.TestMethodWorker.invokeTestMethods(TestMethodWorker.java:146)
at org.testng.internal.TestMethodWorker.run(TestMethodWorker.java:128)
at java.base/java.util.ArrayList.forEach(ArrayList.java:1597)
at org.testng.TestRunner.privateRun(TestRunner.java:794)
at org.testng.TestRunner.run(TestRunner.java:596)
at org.testng.SuiteRunner.runTest(SuiteRunner.java:377)
at org.testng.SuiteRunner.runSequentially(SuiteRunner.java:371)
at org.testng.SuiteRunner.privateRun(SuiteRunner.java:332)
at org.testng.SuiteRunner.run(SuiteRunner.java:276)
at org.testng.SuiteRunnerWorker.runSuite(SuiteRunnerWorker.java:53)
at org.testng.SuiteRunnerWorker.run(SuiteRunnerWorker.java:96)
at org.testng.TestNG.runSuitesSequentially(TestNG.java:1212)
at org.testng.TestNG.runSuitesLocally(TestNG.java:1134)
at org.testng.TestNG.runSuites(TestNG.java:1063)
at org.testng.TestNG.run(TestNG.java:1031)
at org.testng.remote.AbstractRemoteTestNG.run(AbstractRemoteTestNG.java:115)
at org.testng.remote.RemoteTestNG.initAndRun(RemoteTestNG.java:293)
at org.testng.remote.RemoteTestNG.main(RemoteTestNG.java:91)
]]>
            </full-stacktrace>
          </exception> <!-- java.lang.AssertionError -->
          <reporter-output>
          </reporter-output>
        </test-method> <!-- testCartIconAfterRemovingProduct -->
        <test-method is-config="true" signature="closeBrowser()[pri:0, instance:tests.CartFailureTest@54c5a2ff]" started-at="2024-08-12T21:49:03 IST" name="closeBrowser" finished-at="2024-08-12T21:49:03 IST" duration-ms="110" status="PASS">
          <reporter-output>
          </reporter-output>
        </test-method> <!-- closeBrowser -->
      </class> <!-- tests.CartFailureTest -->
      <class name="tests.SignupPageTest">
        <test-method is-config="true" signature="openBroswer()[pri:0, instance:tests.SignupPageTest@7526515b]" started-at="2024-08-12T21:48:27 IST" name="openBroswer" finished-at="2024-08-12T21:48:29 IST" duration-ms="1628" status="PASS">
          <reporter-output>
          </reporter-output>
        </test-method> <!-- openBroswer -->
        <test-method signature="signupTest()[pri:0, instance:tests.SignupPageTest@7526515b]" started-at="2024-08-12T21:48:29 IST" name="signupTest" finished-at="2024-08-12T21:48:35 IST" duration-ms="6634" status="PASS">
          <reporter-output>
          </reporter-output>
        </test-method> <!-- signupTest -->
        <test-method is-config="true" signature="closeBrowser()[pri:0, instance:tests.SignupPageTest@7526515b]" started-at="2024-08-12T21:48:35 IST" name="closeBrowser" finished-at="2024-08-12T21:48:36 IST" duration-ms="120" status="PASS">
          <reporter-output>
          </reporter-output>
        </test-method> <!-- closeBrowser -->
      </class> <!-- tests.SignupPageTest -->
      <class name="tests.ProductBuyTest">
        <test-method is-config="true" signature="openBroswer()[pri:0, instance:tests.ProductBuyTest@1ed4ae0f]" started-at="2024-08-12T21:48:36 IST" name="openBroswer" finished-at="2024-08-12T21:48:37 IST" duration-ms="1493" status="PASS">
          <reporter-output>
          </reporter-output>
        </test-method> <!-- openBroswer -->
        <test-method signature="addProductTest()[pri:0, instance:tests.ProductBuyTest@1ed4ae0f]" started-at="2024-08-12T21:48:37 IST" name="addProductTest" finished-at="2024-08-12T21:48:50 IST" duration-ms="13086" status="PASS">
          <reporter-output>
          </reporter-output>
        </test-method> <!-- addProductTest -->
        <test-method is-config="true" signature="closeBrowser()[pri:0, instance:tests.ProductBuyTest@1ed4ae0f]" started-at="2024-08-12T21:48:50 IST" name="closeBrowser" finished-at="2024-08-12T21:48:50 IST" duration-ms="137" status="PASS">
          <reporter-output>
          </reporter-output>
        </test-method> <!-- closeBrowser -->
      </class> <!-- tests.ProductBuyTest -->
      <class name="tests.LoginPageTest">
        <test-method is-config="true" signature="openBroswer()[pri:0, instance:tests.LoginPageTest@2ddc9a9f]" started-at="2024-08-12T21:48:16 IST" name="openBroswer" finished-at="2024-08-12T21:48:19 IST" duration-ms="2766" status="PASS">
          <reporter-output>
          </reporter-output>
        </test-method> <!-- openBroswer -->
        <test-method signature="loginTest()[pri:0, instance:tests.LoginPageTest@2ddc9a9f]" started-at="2024-08-12T21:48:19 IST" name="loginTest" finished-at="2024-08-12T21:48:27 IST" duration-ms="8516" status="PASS">
          <reporter-output>
          </reporter-output>
        </test-method> <!-- loginTest -->
        <test-method is-config="true" signature="closeBrowser()[pri:0, instance:tests.LoginPageTest@2ddc9a9f]" started-at="2024-08-12T21:48:27 IST" name="closeBrowser" finished-at="2024-08-12T21:48:27 IST" duration-ms="145" status="PASS">
          <reporter-output>
          </reporter-output>
        </test-method> <!-- closeBrowser -->
      </class> <!-- tests.LoginPageTest -->
    </test> <!-- Workflow Test -->
  </suite> <!-- Test Suite -->
</testng-results>
